c:\users\natea\documents\development\codenameghoul\ghoul_engine\source\debug\vc140.pdb
c:\users\natea\documents\development\codenameghoul\ghoul_engine\source\debug\vc140.idb
c:\users\natea\documents\development\codenameghoul\ghoul_engine\source\debug\vector2f.obj
c:\users\natea\documents\development\codenameghoul\ghoul_engine\source\debug\inputhandler.obj
c:\users\natea\documents\development\codenameghoul\ghoul_engine\source\debug\main.obj
c:\users\natea\documents\development\codenameghoul\ghoul_engine\source\debug\renderer.obj
c:\users\natea\documents\development\codenameghoul\ghoul_engine\source\debug\clock.obj
c:\users\natea\documents\development\codenameghoul\ghoul_engine\source\debug\filesystem.obj
c:\users\natea\documents\development\codenameghoul\ghoul_engine\source\debug\event.obj
c:\users\natea\documents\development\codenameghoul\ghoul_engine\source\debug\eventlistener.obj
c:\users\natea\documents\development\codenameghoul\ghoul_engine\source\debug\eventmanager.obj
c:\users\natea\documents\development\codenameghoul\ghoul_engine\source\debug\debuggingsystem.obj
c:\users\natea\documents\development\codenameghoul\ghoul_engine\source\debug\systemmanager.obj
c:\users\natea\documents\development\codenameghoul\ghoul_engine\source\debug\gamestatemanager.obj
c:\users\natea\documents\development\codenameghoul\ghoul_engine\source\debug\introstate.obj
c:\users\natea\documents\development\codenameghoul\ghoul_engine\source\debug\spritesheet.obj
c:\users\natea\documents\development\codenameghoul\ghoul_engine\source\debug\componentmanager.obj
c:\users\natea\documents\development\codenameghoul\ghoul_engine\source\debug\game.obj
c:\users\natea\documents\development\codenameghoul\ghoul_engine\source\debug\entity.obj
c:\users\natea\documents\development\codenameghoul\ghoul_engine\source\debug\positioncomponent.obj
c:\users\natea\documents\development\codenameghoul\ghoul_engine\source\debug\ghoul engine.ilk
c:\users\natea\documents\development\codenameghoul\ghoul_engine\source\debug\ghoul engine.exe
c:\users\natea\documents\development\codenameghoul\ghoul_engine\source\debug\ghoul engine.pdb
c:\users\natea\documents\development\codenameghoul\ghoul_engine\source\debug\ghoul engine.tlog\cl.command.1.tlog
c:\users\natea\documents\development\codenameghoul\ghoul_engine\source\debug\ghoul engine.tlog\cl.read.1.tlog
c:\users\natea\documents\development\codenameghoul\ghoul_engine\source\debug\ghoul engine.tlog\cl.write.1.tlog
c:\users\natea\documents\development\codenameghoul\ghoul_engine\source\debug\ghoul engine.tlog\link.command.1.tlog
c:\users\natea\documents\development\codenameghoul\ghoul_engine\source\debug\ghoul engine.tlog\link.read.1.tlog
c:\users\natea\documents\development\codenameghoul\ghoul_engine\source\debug\ghoul engine.tlog\link.write.1.tlog
