c:\users\natea\documents\development\codenameghoul\ghoul_engine\tools\ghoul engine map editor\ghoul engine map editor\debug\vc140.pdb
c:\users\natea\documents\development\codenameghoul\ghoul_engine\tools\ghoul engine map editor\ghoul engine map editor\debug\vc140.idb
c:\users\natea\documents\development\codenameghoul\ghoul_engine\tools\ghoul engine map editor\ghoul engine map editor\debug\clock.obj
c:\users\natea\documents\development\codenameghoul\ghoul_engine\tools\ghoul engine map editor\ghoul engine map editor\debug\debuggingsystem.obj
c:\users\natea\documents\development\codenameghoul\ghoul_engine\tools\ghoul engine map editor\ghoul engine map editor\debug\event.obj
c:\users\natea\documents\development\codenameghoul\ghoul_engine\tools\ghoul engine map editor\ghoul engine map editor\debug\eventlistener.obj
c:\users\natea\documents\development\codenameghoul\ghoul_engine\tools\ghoul engine map editor\ghoul engine map editor\debug\eventmanager.obj
c:\users\natea\documents\development\codenameghoul\ghoul_engine\tools\ghoul engine map editor\ghoul engine map editor\debug\filesystem.obj
c:\users\natea\documents\development\codenameghoul\ghoul_engine\tools\ghoul engine map editor\ghoul engine map editor\debug\inputhandler.obj
c:\users\natea\documents\development\codenameghoul\ghoul_engine\tools\ghoul engine map editor\ghoul engine map editor\debug\main.obj
c:\users\natea\documents\development\codenameghoul\ghoul_engine\tools\ghoul engine map editor\ghoul engine map editor\debug\renderer.obj
c:\users\natea\documents\development\codenameghoul\ghoul_engine\tools\ghoul engine map editor\ghoul engine map editor\debug\spritesheet.obj
c:\users\natea\documents\development\codenameghoul\ghoul_engine\tools\ghoul engine map editor\ghoul engine map editor\debug\vector2f.obj
c:\users\natea\documents\development\codenameghoul\ghoul_engine\tools\ghoul engine map editor\ghoul engine map editor\debug\systemmanager.obj
c:\users\natea\documents\development\codenameghoul\ghoul_engine\tools\ghoul engine map editor\debug\ghoul engine map editor.pdb
c:\users\natea\documents\development\codenameghoul\ghoul_engine\tools\ghoul engine map editor\ghoul engine map editor\debug\ghoul en.4838ca91.tlog\cl.command.1.tlog
c:\users\natea\documents\development\codenameghoul\ghoul_engine\tools\ghoul engine map editor\ghoul engine map editor\debug\ghoul en.4838ca91.tlog\cl.read.1.tlog
c:\users\natea\documents\development\codenameghoul\ghoul_engine\tools\ghoul engine map editor\ghoul engine map editor\debug\ghoul en.4838ca91.tlog\cl.write.1.tlog
c:\users\natea\documents\development\codenameghoul\ghoul_engine\tools\ghoul engine map editor\ghoul engine map editor\debug\ghoul en.4838ca91.tlog\link.4876-cvtres.read.1.tlog
c:\users\natea\documents\development\codenameghoul\ghoul_engine\tools\ghoul engine map editor\ghoul engine map editor\debug\ghoul en.4838ca91.tlog\link.4876-cvtres.write.1.tlog
c:\users\natea\documents\development\codenameghoul\ghoul_engine\tools\ghoul engine map editor\ghoul engine map editor\debug\ghoul en.4838ca91.tlog\link.4876-rc.read.1.tlog
c:\users\natea\documents\development\codenameghoul\ghoul_engine\tools\ghoul engine map editor\ghoul engine map editor\debug\ghoul en.4838ca91.tlog\link.4876-rc.write.1.tlog
c:\users\natea\documents\development\codenameghoul\ghoul_engine\tools\ghoul engine map editor\ghoul engine map editor\debug\ghoul en.4838ca91.tlog\link.4876.read.1.tlog
c:\users\natea\documents\development\codenameghoul\ghoul_engine\tools\ghoul engine map editor\ghoul engine map editor\debug\ghoul en.4838ca91.tlog\link.4876.write.1.tlog
c:\users\natea\documents\development\codenameghoul\ghoul_engine\tools\ghoul engine map editor\ghoul engine map editor\debug\ghoul en.4838ca91.tlog\link.command.1.tlog
c:\users\natea\documents\development\codenameghoul\ghoul_engine\tools\ghoul engine map editor\ghoul engine map editor\debug\ghoul en.4838ca91.tlog\link.read.1.tlog
c:\users\natea\documents\development\codenameghoul\ghoul_engine\tools\ghoul engine map editor\ghoul engine map editor\debug\ghoul en.4838ca91.tlog\link.write.1.tlog
